<?xml version="1.0" encoding="UTF-8"?>
<!-- Generated by org.testng.reporters.JUnitXMLReporter -->
<testsuite hostname="DESKTOP-95QKK0U" ignored="0" name="Default test" tests="2" failures="1" timestamp="2020-02-25T22:16:41 AEDT" time="80.277" errors="0">
  <testcase name="eApplyCalculator" time="38.314" classname="com.eapplycalculators.testCases.TC_eApplyCalDDT"/>
  <testcase name="eApplyCalculator" time="25.652" classname="com.eapplycalculators.testCases.TC_eApplyCalDDT">
    <failure type="org.openqa.selenium.NoSuchElementException" message="Cannot locate element with text: Business Analyst/Consultant
For documentation on this error, please visit: https://www.seleniumhq.org/exceptions/no_such_element.html
Build info: version: &amp;apos;3.141.59&amp;apos;, revision: &amp;apos;e82be7d358&amp;apos;, time: &amp;apos;2018-11-14T08:17:03&amp;apos;
System info: host: &amp;apos;DESKTOP-95QKK0U&amp;apos;, ip: &amp;apos;192.168.1.108&amp;apos;, os.name: &amp;apos;Windows 10&amp;apos;, os.arch: &amp;apos;amd64&amp;apos;, os.version: &amp;apos;10.0&amp;apos;, java.version: &amp;apos;1.8.0_181&amp;apos;
Driver info: driver.version: unknown">
      <![CDATA[org.openqa.selenium.NoSuchElementException: Cannot locate element with text: Business Analyst/Consultant
For documentation on this error, please visit: https://www.seleniumhq.org/exceptions/no_such_element.html
Build info: version: '3.141.59', revision: 'e82be7d358', time: '2018-11-14T08:17:03'
System info: host: 'DESKTOP-95QKK0U', ip: '192.168.1.108', os.name: 'Windows 10', os.arch: 'amd64', os.version: '10.0', java.version: '1.8.0_181'
Driver info: driver.version: unknown
at org.openqa.selenium.support.ui.Select.selectByVisibleText(Select.java:147)
at com.eapplycalculators.pageObject.eApplyCalculatorPage.selectOccupation(eApplyCalculatorPage.java:121)
at com.eapplycalculators.testCases.TC_eApplyCalDDT.eApplyCalculator(TC_eApplyCalDDT.java:35)
at java.util.ArrayList.forEach(ArrayList.java:1257)
... Removed 31 stack frames]]>
    </failure>
  </testcase> <!-- eApplyCalculator -->
</testsuite> <!-- Default test -->
